<?xml version="1.0" encoding="UTF-8"?>
<!-- Generated by org.testng.reporters.JUnitXMLReporter -->
<testsuite ignored="2" hostname="DESKTOP-1SMJ8JH" failures="0" tests="2" name="Test" time="2.184" errors="0" timestamp="2023-11-22T12:48:24 IST">
  <testcase classname="qa.base.BaseTest" name="@BeforeTest initialization" time="2.1">
    <failure type="java.lang.ClassCastException" message="class java.lang.ThreadLocal cannot be cast to class org.openqa.selenium.WebDriver (java.lang.ThreadLocal is in module java.base of loader &amp;apos;bootstrap&amp;apos;; org.openqa.selenium.WebDriver is in unnamed module of loader &amp;apos;app&amp;apos;)">
      <![CDATA[java.lang.ClassCastException: class java.lang.ThreadLocal cannot be cast to class org.openqa.selenium.WebDriver (java.lang.ThreadLocal is in module java.base of loader 'bootstrap'; org.openqa.selenium.WebDriver is in unnamed module of loader 'app')
at qa.base.BaseTest.initialization(BaseTest.java:65)
... Removed 24 stack frames]]>
    </failure>
  </testcase> <!-- @BeforeTest initialization -->
  <testcase classname="qa.testcases.Login_Test" name="@BeforeClass createPageObject" time="0.0">
    <skipped/>
  </testcase> <!-- @BeforeClass createPageObject -->
  <testcase classname="qa.testcases.User_Test" name="@BeforeClass createPageObject" time="0.0">
    <skipped/>
  </testcase> <!-- @BeforeClass createPageObject -->
  <testcase classname="qa.base.BaseTest" name="@AfterTest tearDown" time="0.0">
    <failure type="java.lang.ClassCastException" message="class java.lang.ThreadLocal cannot be cast to class org.openqa.selenium.WebDriver (java.lang.ThreadLocal is in module java.base of loader &amp;apos;bootstrap&amp;apos;; org.openqa.selenium.WebDriver is in unnamed module of loader &amp;apos;app&amp;apos;)">
      <![CDATA[java.lang.ClassCastException: class java.lang.ThreadLocal cannot be cast to class org.openqa.selenium.WebDriver (java.lang.ThreadLocal is in module java.base of loader 'bootstrap'; org.openqa.selenium.WebDriver is in unnamed module of loader 'app')
at qa.base.BaseTest.tearDown(BaseTest.java:82)
... Removed 24 stack frames]]>
    </failure>
  </testcase> <!-- @AfterTest tearDown -->
  <testcase classname="qa.testcases.Login_Test" name="login_Test" time="0.001">
    <skipped/>
  </testcase> <!-- login_Test -->
  <testcase classname="qa.testcases.User_Test" name="openUserPage" time="0.0">
    <skipped/>
  </testcase> <!-- openUserPage -->
  <testcase classname="qa.base.BaseTest" name="@BeforeTest initialization" time="0.0">
    <ignored/>
  </testcase> <!-- @BeforeTest initialization -->
  <testcase classname="qa.base.BaseTest" name="@AfterTest tearDown" time="0.0">
    <ignored/>
  </testcase> <!-- @AfterTest tearDown -->
</testsuite> <!-- Test -->
